This is XeTeX, Version 3.141592653-2.6-0.999995 (TeX Live 2023/Fedora 40) (preloaded format=xelatex 2024.9.10)  11 SEP 2024 08:55
entering extended mode
 restricted \write18 enabled.
 %&-line parsing enabled.
**test_gujarati.tex -no-config
(/usr/share/texlive/texmf-dist/tex/latex/tools/q.tex
LaTeX2e <2022-11-01> patch level 1
L3 programming layer <2023-02-22> File ignored
)

! LaTeX Error: Missing \begin{document}.

See the LaTeX manual or LaTeX Companion for explanation.
Type  H <return>  for immediate help.
 ...                                              
                                                  
<*> test_gujarati.tex -
                       no-config
You're in trouble here.  Try typing  <return>  to proceed.
If that doesn't work, type  X <return>  to quit.

Missing character: There is no - ("2D) in font nullfont!
Missing character: There is no n ("6E) in font nullfont!
Missing character: There is no o ("6F) in font nullfont!
Missing character: There is no - ("2D) in font nullfont!
Missing character: There is no c ("63) in font nullfont!
Missing character: There is no o ("6F) in font nullfont!
Missing character: There is no n ("6E) in font nullfont!
Missing character: There is no f ("66) in font nullfont!
Missing character: There is no i ("69) in font nullfont!
Missing character: There is no g ("67) in font nullfont!
! Emergency stop.
<*> test_gujarati.tex -no-config
                                
*** (job aborted, no legal \end found)

 
Here is how much of TeX's memory you used:
 17 strings out of 476689
 422 string characters out of 5806613
 1842018 words of memory out of 6000000
 20365 multiletter control sequences out of 15000+600000
 512287 words of font info for 32 fonts, out of 8000000 for 9000
 1348 hyphenation exceptions out of 8191
 12i,0n,12p,108b,14s stack positions out of 10000i,1000n,20000p,200000b,200000s
No pages of output.
