mktextfm NotoSans
mktextfm NotoSans
mktextfm NotoSans
mktextfm NotoSans/BI
mktextfm NotoSans
mktextfm NotoSans/B
mktextfm NotoSans
mktextfm NotoSans/I
mktextfm NotoSans
mktextfm NotoSans
mktextfm NotoSans
mktextfm NotoSansGujarati/OT
mktextfm NotoSansGujarati/OT
mktextfm NotoSansGujarati/OT
mktextfm NotoSansGujarati/BI/OT
mktextfm NotoSansGujarati/OT
mktextfm NotoSansGujarati/B/OT
mktextfm NotoSansGujarati/OT
mktextfm NotoSansGujarati/I/OT
mktextfm NotoSansGujarati/OT
mktextfm NotoSansGujarati/OT
mktextfm NotoSans
mktextfm NotoSans
mktextfm NotoSansGujarati/OT
mktextfm NotoSansGujarati/OT
