This is XeTeX, Version 3.141592653-2.6-0.999995 (TeX Live 2023/Fedora 40) (preloaded format=xelatex 2024.9.9)  10 SEP 2024 11:36
entering extended mode
 restricted \write18 enabled.
 %&-line parsing enabled.
**sample.tex
(./sample.tex
LaTeX2e <2022-11-01> patch level 1
L3 programming layer <2023-02-22>
(/usr/share/texlive/texmf-dist/tex/latex/base/article.cls
Document Class: article 2022/07/02 v1.4n Standard LaTeX document class
(/usr/share/texlive/texmf-dist/tex/latex/base/size10.clo
File: size10.clo 2022/07/02 v1.4n Standard LaTeX file (size option)
)
\c@part=\count181
\c@section=\count182
\c@subsection=\count183
\c@subsubsection=\count184
\c@paragraph=\count185
\c@subparagraph=\count186
\c@figure=\count187
\c@table=\count188
\abovecaptionskip=\skip48
\belowcaptionskip=\skip49
\bibindent=\dimen140
)
(/usr/share/texlive/texmf-dist/tex/latex/fontspec/fontspec.sty
(/usr/share/texlive/texmf-dist/tex/latex/l3packages/xparse/xparse.sty
(/usr/share/texlive/texmf-dist/tex/latex/l3kernel/expl3.sty
Package: expl3 2023-02-22 L3 programming layer (loader) 

(/usr/share/texlive/texmf-dist/tex/latex/l3backend/l3backend-xetex.def
File: l3backend-xetex.def 2023-01-16 L3 backend support: XeTeX
\g__graphics_track_int=\count189
\l__pdf_internal_box=\box51
\g__pdf_backend_object_int=\count190
\g__pdf_backend_annotation_int=\count191
\g__pdf_backend_link_int=\count192
))
Package: xparse 2023-02-02 L3 Experimental document command parser
)
Package: fontspec 2022/01/15 v2.8a Font selection for XeLaTeX and LuaLaTeX

(/usr/share/texlive/texmf-dist/tex/latex/fontspec/fontspec-xetex.sty
Package: fontspec-xetex 2022/01/15 v2.8a Font selection for XeLaTeX and LuaLaTe
X
\l__fontspec_script_int=\count193
\l__fontspec_language_int=\count194
\l__fontspec_strnum_int=\count195
\l__fontspec_tmp_int=\count196
\l__fontspec_tmpa_int=\count197
\l__fontspec_tmpb_int=\count198
\l__fontspec_tmpc_int=\count199
\l__fontspec_em_int=\count266
\l__fontspec_emdef_int=\count267
\l__fontspec_strong_int=\count268
\l__fontspec_strongdef_int=\count269
\l__fontspec_tmpa_dim=\dimen141
\l__fontspec_tmpb_dim=\dimen142
\l__fontspec_tmpc_dim=\dimen143

(/usr/share/texlive/texmf-dist/tex/latex/base/fontenc.sty
Package: fontenc 2021/04/29 v2.0v Standard LaTeX package
)
(/usr/share/texlive/texmf-dist/tex/latex/fontspec/fontspec.cfg)))
(/usr/share/texlive/texmf-dist/tex/latex/polyglossia/polyglossia.sty
Package: polyglossia 2023/02/11 v1.60 Modern multilingual typesetting with XeLa
TeX and LuaLaTeX

(/usr/share/texlive/texmf-dist/tex/latex/etoolbox/etoolbox.sty
Package: etoolbox 2020/10/05 v2.5k e-TeX tools for LaTeX (JAW)
\etb@tempcnta=\count270
)
(/usr/share/texlive/texmf-dist/tex/latex/makecmds/makecmds.sty
Package: makecmds 2009/09/03 v1.0a extra command making commands
)
(/usr/share/texlive/texmf-dist/tex/latex/xkeyval/xkeyval.sty
Package: xkeyval 2022/06/16 v2.9 package option processing (HA)

(/usr/share/texlive/texmf-dist/tex/generic/xkeyval/xkeyval.tex
(/usr/share/texlive/texmf-dist/tex/generic/xkeyval/xkvutils.tex
\XKV@toks=\toks16
\XKV@tempa@toks=\toks17

(/usr/share/texlive/texmf-dist/tex/generic/xkeyval/keyval.tex))
\XKV@depth=\count271
File: xkeyval.tex 2014/12/03 v2.7a key=value parser (HA)
))
(/usr/share/texlive/texmf-dist/tex/generic/iftex/iftex.sty
Package: iftex 2022/02/03 v1.0f TeX engine tests
)
(/usr/share/texlive/texmf-dist/tex/latex/l3packages/l3keys2e/l3keys2e.sty
Package: l3keys2e 2023-02-02 LaTeX2e option processing using LaTeX3 keys
)
\xpg@normalclass=\XeTeXcharclass1

(/usr/share/texlive/texmf-dist/tex/latex/polyglossia/gloss-latex.lde
Package: gloss-latex 2023/02/11 vv1.60 polyglossia: module for default language

The property list \polyglossia@langsetup contains the pairs (without outer
braces):
>  {latex/script}  =>  {latin}
>  {latex/lcscript}  =>  {latin}
>  {latex/scripttag}  =>  {}
>  {latex/language}  =>  {Latex}
>  {latex/langtag}  =>  {ENG}
>  {latex/bcp47}  =>  {}
>  {latex/hyphennames}  =>  {english}
>  {latex/direction}  =>  {LR}
>  {latex/hyphenmins}  =>  {2,3}
>  {latex/frenchspacing}  =>  {false}
>  {latex/indentfirst}  =>  {false}
>  {latex/fontsetup}  =>  {true}
>  {latex/envname}  =>  {latex}
>  {latex/babelname}  =>  {latex}
>  {latex/localnumeral}  =>  {polyglossia@C@localnumeral}
>  {latex/Localnumeral}  =>  {polyglossia@C@localnumeral}
>  {latex/DefineCommandsCmd}  =>  {use_none:n}.
)
Package polyglossia Info: Default language is latex.
)
(/usr/share/texlive/texmf-dist/tex/latex/xcolor/xcolor.sty
Package: xcolor 2022/06/12 v2.14 LaTeX color extensions (UK)

(/usr/share/texlive/texmf-dist/tex/latex/graphics-cfg/color.cfg
File: color.cfg 2016/01/02 v1.6 sample color configuration
)
Package xcolor Info: Driver file: xetex.def on input line 227.

(/usr/share/texlive/texmf-dist/tex/latex/graphics-def/xetex.def
File: xetex.def 2022/09/22 v5.0n Graphics/color driver for xetex
)
(/usr/share/texlive/texmf-dist/tex/latex/graphics/mathcolor.ltx)
Package xcolor Info: Model `cmy' substituted by `cmy0' on input line 1353.
Package xcolor Info: Model `RGB' extended on input line 1369.
Package xcolor Info: Model `HTML' substituted by `rgb' on input line 1371.
Package xcolor Info: Model `Hsb' substituted by `hsb' on input line 1372.
Package xcolor Info: Model `tHsb' substituted by `hsb' on input line 1373.
Package xcolor Info: Model `HSB' substituted by `hsb' on input line 1374.
Package xcolor Info: Model `Gray' substituted by `gray' on input line 1375.
Package xcolor Info: Model `wave' substituted by `hsb' on input line 1376.
)
(/usr/share/texlive/texmf-dist/tex/latex/listings/listings.sty
\lst@mode=\count272
\lst@gtempboxa=\box52
\lst@token=\toks18
\lst@length=\count273
\lst@currlwidth=\dimen144
\lst@column=\count274
\lst@pos=\count275
\lst@lostspace=\dimen145
\lst@width=\dimen146
\lst@newlines=\count276
\lst@lineno=\count277
\lst@maxwidth=\dimen147

(/usr/share/texlive/texmf-dist/tex/latex/listings/lstmisc.sty
File: lstmisc.sty 2023/02/27 1.9 (Carsten Heinz)
\c@lstnumber=\count278
\lst@skipnumbers=\count279
\lst@framebox=\box53
)
(/usr/share/texlive/texmf-dist/tex/latex/listings/listings.cfg
File: listings.cfg 2023/02/27 1.9 listings configuration
))
Package: listings 2023/02/27 1.9 (Carsten Heinz)

(/usr/share/texlive/texmf-dist/tex/latex/fancyvrb/fancyvrb.sty
Package: fancyvrb 2023/01/19 4.5a verbatim text (tvz,hv)
\FV@CodeLineNo=\count280
\FV@InFile=\read2
\FV@TabBox=\box54
\c@FancyVerbLine=\count281
\FV@StepNumber=\count282
\FV@OutFile=\write3
)
(/usr/share/texlive/texmf-dist/tex/latex/tools/longtable.sty
Package: longtable 2021-09-01 v4.17 Multi-page Table package (DPC)
\LTleft=\skip50
\LTright=\skip51
\LTpre=\skip52
\LTpost=\skip53
\LTchunksize=\count283
\LTcapwidth=\dimen148
\LT@head=\box55
\LT@firsthead=\box56
\LT@foot=\box57
\LT@lastfoot=\box58
\LT@gbox=\box59
\LT@cols=\count284
\LT@rows=\count285
\c@LT@tables=\count286
\c@LT@chunks=\count287
\LT@p@ftn=\toks19
)
(/usr/share/texlive/texmf-dist/tex/latex/booktabs/booktabs.sty
Package: booktabs 2020/01/12 v1.61803398 Publication quality tables
\heavyrulewidth=\dimen149
\lightrulewidth=\dimen150
\cmidrulewidth=\dimen151
\belowrulesep=\dimen152
\belowbottomsep=\dimen153
\aboverulesep=\dimen154
\abovetopsep=\dimen155
\cmidrulesep=\dimen156
\cmidrulekern=\dimen157
\defaultaddspace=\dimen158
\@cmidla=\count288
\@cmidlb=\count289
\@aboverulesep=\dimen159
\@belowrulesep=\dimen160
\@thisruleclass=\count290
\@lastruleclass=\count291
\@thisrulewidth=\dimen161
)
(/usr/share/texlive/texmf-dist/tex/latex/tools/array.sty
Package: array 2022/09/04 v2.5g Tabular extension package (FMi)
\col@sep=\dimen162
\ar@mcellbox=\box60
\extrarowheight=\dimen163
\NC@list=\toks20
\extratabsurround=\skip54
\backup@length=\skip55
\ar@cellbox=\box61
)
(/usr/share/texlive/texmf-dist/tex/latex/graphics/graphicx.sty
Package: graphicx 2021/09/16 v1.2d Enhanced LaTeX Graphics (DPC,SPQR)

(/usr/share/texlive/texmf-dist/tex/latex/graphics/graphics.sty
Package: graphics 2022/03/10 v1.4e Standard LaTeX Graphics (DPC,SPQR)

(/usr/share/texlive/texmf-dist/tex/latex/graphics/trig.sty
Package: trig 2021/08/11 v1.11 sin cos tan (DPC)
)
(/usr/share/texlive/texmf-dist/tex/latex/graphics-cfg/graphics.cfg
File: graphics.cfg 2016/06/04 v1.11 sample graphics configuration
)
Package graphics Info: Driver file: xetex.def on input line 107.
)
\Gin@req@height=\dimen164
\Gin@req@width=\dimen165
)
(/usr/share/texlive/texmf-dist/tex/latex/hyperref/hyperref.sty
Package: hyperref 2023-02-07 v7.00v Hypertext links for LaTeX

(/usr/share/texlive/texmf-dist/tex/generic/ltxcmds/ltxcmds.sty
Package: ltxcmds 2020-05-10 v1.25 LaTeX kernel commands for general use (HO)
)
(/usr/share/texlive/texmf-dist/tex/generic/pdftexcmds/pdftexcmds.sty
Package: pdftexcmds 2020-06-27 v0.33 Utility functions of pdfTeX for LuaTeX (HO
)

(/usr/share/texlive/texmf-dist/tex/generic/infwarerr/infwarerr.sty
Package: infwarerr 2019/12/03 v1.5 Providing info/warning/error messages (HO)
)
Package pdftexcmds Info: \pdf@primitive is available.
Package pdftexcmds Info: \pdf@ifprimitive is available.
Package pdftexcmds Info: \pdfdraftmode not found.
)
(/usr/share/texlive/texmf-dist/tex/latex/kvsetkeys/kvsetkeys.sty
Package: kvsetkeys 2022-10-05 v1.19 Key value parser (HO)
)
(/usr/share/texlive/texmf-dist/tex/generic/kvdefinekeys/kvdefinekeys.sty
Package: kvdefinekeys 2019-12-19 v1.6 Define keys (HO)
)
(/usr/share/texlive/texmf-dist/tex/generic/pdfescape/pdfescape.sty
Package: pdfescape 2019/12/09 v1.15 Implements pdfTeX's escape features (HO)
)
(/usr/share/texlive/texmf-dist/tex/latex/hycolor/hycolor.sty
Package: hycolor 2020-01-27 v1.10 Color options for hyperref/bookmark (HO)
)
(/usr/share/texlive/texmf-dist/tex/latex/letltxmacro/letltxmacro.sty
Package: letltxmacro 2019/12/03 v1.6 Let assignment for LaTeX macros (HO)
)
(/usr/share/texlive/texmf-dist/tex/latex/auxhook/auxhook.sty
Package: auxhook 2019-12-17 v1.6 Hooks for auxiliary files (HO)
)
(/usr/share/texlive/texmf-dist/tex/latex/hyperref/nameref.sty
Package: nameref 2022-05-17 v2.50 Cross-referencing by name of section

(/usr/share/texlive/texmf-dist/tex/latex/refcount/refcount.sty
Package: refcount 2019/12/15 v3.6 Data extraction from label references (HO)
)
(/usr/share/texlive/texmf-dist/tex/generic/gettitlestring/gettitlestring.sty
Package: gettitlestring 2019/12/15 v1.6 Cleanup title references (HO)

(/usr/share/texlive/texmf-dist/tex/latex/kvoptions/kvoptions.sty
Package: kvoptions 2022-06-15 v3.15 Key value format for package options (HO)
))
\c@section@level=\count292
)
\@linkdim=\dimen166
\Hy@linkcounter=\count293
\Hy@pagecounter=\count294

(/usr/share/texlive/texmf-dist/tex/latex/hyperref/pd1enc.def
File: pd1enc.def 2023-02-07 v7.00v Hyperref: PDFDocEncoding definition (HO)
)
(/usr/share/texlive/texmf-dist/tex/generic/intcalc/intcalc.sty
Package: intcalc 2019/12/15 v1.3 Expandable calculations with integers (HO)
)
(/usr/share/texlive/texmf-dist/tex/generic/etexcmds/etexcmds.sty
Package: etexcmds 2019/12/15 v1.7 Avoid name clashes with e-TeX commands (HO)
)
\Hy@SavedSpaceFactor=\count295

(/usr/share/texlive/texmf-dist/tex/latex/hyperref/puenc.def
File: puenc.def 2023-02-07 v7.00v Hyperref: PDF Unicode definition (HO)
)
Package hyperref Info: Hyper figures OFF on input line 4177.
Package hyperref Info: Link nesting OFF on input line 4182.
Package hyperref Info: Hyper index ON on input line 4185.
Package hyperref Info: Plain pages OFF on input line 4192.
Package hyperref Info: Backreferencing OFF on input line 4197.
Package hyperref Info: Implicit mode ON; LaTeX internals redefined.
Package hyperref Info: Bookmarks ON on input line 4425.
\c@Hy@tempcnt=\count296

(/usr/share/texlive/texmf-dist/tex/latex/url/url.sty
\Urlmuskip=\muskip16
Package: url 2013/09/16  ver 3.4  Verb mode for urls, etc.
)
LaTeX Info: Redefining \url on input line 4763.
\XeTeXLinkMargin=\dimen167

(/usr/share/texlive/texmf-dist/tex/generic/bitset/bitset.sty
Package: bitset 2019/12/09 v1.3 Handle bit-vector datatype (HO)

(/usr/share/texlive/texmf-dist/tex/generic/bigintcalc/bigintcalc.sty
Package: bigintcalc 2019/12/15 v1.5 Expandable calculations on big integers (HO
)
))
\Fld@menulength=\count297
\Field@Width=\dimen168
\Fld@charsize=\dimen169
Package hyperref Info: Hyper figures OFF on input line 6042.
Package hyperref Info: Link nesting OFF on input line 6047.
Package hyperref Info: Hyper index ON on input line 6050.
Package hyperref Info: backreferencing OFF on input line 6057.
Package hyperref Info: Link coloring OFF on input line 6062.
Package hyperref Info: Link coloring with OCG OFF on input line 6067.
Package hyperref Info: PDF/A mode OFF on input line 6072.

(/usr/share/texlive/texmf-dist/tex/latex/base/atbegshi-ltx.sty
Package: atbegshi-ltx 2021/01/10 v1.0c Emulation of the original atbegshi
package with kernel methods
)
\Hy@abspage=\count298
\c@Item=\count299
\c@Hfootnote=\count300
)
Package hyperref Info: Driver (autodetected): hxetex.

(/usr/share/texlive/texmf-dist/tex/latex/hyperref/hxetex.def
File: hxetex.def 2023-02-07 v7.00v Hyperref driver for XeTeX

(/usr/share/texlive/texmf-dist/tex/generic/stringenc/stringenc.sty
Package: stringenc 2019/11/29 v1.12 Convert strings between diff. encodings (HO
)
)
\pdfm@box=\box62
\c@Hy@AnnotLevel=\count301
\HyField@AnnotCount=\count302
\Fld@listcount=\count303
\c@bookmark@seq@number=\count304

(/usr/share/texlive/texmf-dist/tex/latex/rerunfilecheck/rerunfilecheck.sty
Package: rerunfilecheck 2022-07-10 v1.10 Rerun checks for auxiliary files (HO)

(/usr/share/texlive/texmf-dist/tex/latex/base/atveryend-ltx.sty
Package: atveryend-ltx 2020/08/19 v1.0a Emulation of the original atveryend pac
kage
with kernel methods
)
(/usr/share/texlive/texmf-dist/tex/generic/uniquecounter/uniquecounter.sty
Package: uniquecounter 2019/12/15 v1.4 Provide unlimited unique counter (HO)
)
Package uniquecounter Info: New unique counter `rerunfilecheck' on input line 2
85.
)
\Hy@SectionHShift=\skip56
)
(/usr/share/texlive/texmf-dist/tex/xelatex/xltxtra/xltxtra.sty
Package: xltxtra 2018/12/31 v0.7 Improvements for the "XeLaTeX" format

(/usr/share/texlive/texmf-dist/tex/generic/iftex/ifluatex.sty
Package: ifluatex 2019/10/25 v1.5 ifluatex legacy package. Use iftex instead.
)
(/usr/share/texlive/texmf-dist/tex/generic/iftex/ifxetex.sty
Package: ifxetex 2019/10/25 v0.7 ifxetex legacy package. Use iftex instead.
)
(/usr/share/texlive/texmf-dist/tex/latex/realscripts/realscripts.sty
Package: realscripts 2016/02/13 v0.3d Access OpenType subscripts and superscrip
ts
\subsupersep=\dimen170
)
(/usr/share/texlive/texmf-dist/tex/latex/metalogo/metalogo.sty
Package: metalogo 2010/05/29 v0.12 Extended TeX logo macros
\xl@everylogo=\toks21
\xl@@everylogo=\toks22
LaTeX Info: Redefining \TeX on input line 193.
LaTeX Info: Redefining \LaTeX on input line 202.
LaTeX Info: Redefining \LaTeXe on input line 219.
)
\l__xetex_show_hyphens_wrapping_box=\box63
\l__xetex_show_hyphens_temp_box=\box64
\l__xetex_show_hyphens_final_box=\box65
\g__xetex_show_hyphens_word_box=\box66
)
(/usr/share/texlive/texmf-dist/tex/xelatex/xunicode/xunicode.sty
File: xunicode.sty 2011/09/09 v0.981 provides access to latin accents and many 
other characters in Unicode lower plane

(/usr/share/texlive/texmf-dist/tex/latex/tipa/t3enc.def
File: t3enc.def 2001/12/31 T3 encoding
)
\tipaTiiicode=\count305
\tipasavetokens=\toks23
\tipachecktokens=\toks24
)
(/usr/share/texlive/texmf-dist/tex/latex/polyglossia/gloss-english.ldf
File: gloss-english.ldf polyglossia: module for English
The property list \polyglossia@langsetup contains the pairs (without outer
braces):
>  {latex/script}  =>  {latin}
>  {latex/lcscript}  =>  {latin}
>  {latex/scripttag}  =>  {}
>  {latex/language}  =>  {Latex}
>  {latex/langtag}  =>  {ENG}
>  {latex/bcp47}  =>  {}
>  {latex/hyphennames}  =>  {english}
>  {latex/direction}  =>  {LR}
>  {latex/hyphenmins}  =>  {2,3}
>  {latex/frenchspacing}  =>  {false}
>  {latex/indentfirst}  =>  {false}
>  {latex/fontsetup}  =>  {true}
>  {latex/envname}  =>  {latex}
>  {latex/babelname}  =>  {latex}
>  {latex/localnumeral}  =>  {polyglossia@C@localnumeral}
>  {latex/Localnumeral}  =>  {polyglossia@C@localnumeral}
>  {latex/DefineCommandsCmd}  =>  {use_none:n}
>  {english/script}  =>  {latin}
>  {english/lcscript}  =>  {latin}
>  {english/scripttag}  =>  {}
>  {english/language}  =>  {English}
>  {english/langtag}  =>  {ENG}
>  {english/bcp47}  =>  {en-US}
>  {english/hyphennames}  =>  {english,american,usenglish,USenglish}
>  {english/direction}  =>  {LR}
>  {english/hyphenmins}  =>  {2,3}
>  {english/frenchspacing}  =>  {false}
>  {english/indentfirst}  =>  {false}
>  {english/fontsetup}  =>  {true}
>  {english/envname}  =>  {english}
>  {english/babelname}  =>  {english}
>  {english/localnumeral}  =>  {polyglossia@C@localnumeral}
>  {english/Localnumeral}  =>  {polyglossia@C@localnumeral}
>  {english/DefineCommandsCmd}  =>  {xpg_define_language_commands:e}.
Package polyglossia Info: Option: English, variant=american.
)
Package polyglossia Info: Default language is english.


Package polyglossia Warning: Neither file gloss-gujarati.ldf norfile gloss-guja
rati.lde exists!
(polyglossia)                I will nevertheless try to use hyphenation pattern
s for gujarati. on input line 14.

The property list \polyglossia@langsetup contains the pairs (without outer
braces):
>  {latex/script}  =>  {latin}
>  {latex/lcscript}  =>  {latin}
>  {latex/scripttag}  =>  {}
>  {latex/language}  =>  {Latex}
>  {latex/langtag}  =>  {ENG}
>  {latex/bcp47}  =>  {}
>  {latex/hyphennames}  =>  {english}
>  {latex/direction}  =>  {LR}
>  {latex/hyphenmins}  =>  {2,3}
>  {latex/frenchspacing}  =>  {false}
>  {latex/indentfirst}  =>  {false}
>  {latex/fontsetup}  =>  {true}
>  {latex/envname}  =>  {latex}
>  {latex/babelname}  =>  {latex}
>  {latex/localnumeral}  =>  {polyglossia@C@localnumeral}
>  {latex/Localnumeral}  =>  {polyglossia@C@localnumeral}
>  {latex/DefineCommandsCmd}  =>  {use_none:n}
>  {english/script}  =>  {latin}
>  {english/lcscript}  =>  {latin}
>  {english/scripttag}  =>  {}
>  {english/language}  =>  {English}
>  {english/langtag}  =>  {ENG}
>  {english/bcp47}  =>  {en-US}
>  {english/hyphennames}  =>  {english,american,usenglish,USenglish}
>  {english/direction}  =>  {LR}
>  {english/hyphenmins}  =>  {2,3}
>  {english/frenchspacing}  =>  {false}
>  {english/indentfirst}  =>  {false}
>  {english/fontsetup}  =>  {true}
>  {english/envname}  =>  {english}
>  {english/babelname}  =>  {american}
>  {english/localnumeral}  =>  {polyglossia@C@localnumeral}
>  {english/Localnumeral}  =>  {polyglossia@C@localnumeral}
>  {english/DefineCommandsCmd}  =>  {xpg_define_language_commands:e}
>  {gujarati/script}  =>  {latin}
>  {gujarati/lcscript}  =>  {latin}
>  {gujarati/scripttag}  =>  {}
>  {gujarati/language}  =>  {Gujarati}
>  {gujarati/langtag}  =>  {}
>  {gujarati/bcp47}  =>  {}
>  {gujarati/hyphennames}  =>  {gujarati}
>  {gujarati/direction}  =>  {LR}
>  {gujarati/hyphenmins}  =>  {2,3}
>  {gujarati/frenchspacing}  =>  {false}
>  {gujarati/indentfirst}  =>  {false}
>  {gujarati/fontsetup}  =>  {true}
>  {gujarati/envname}  =>  {gujarati}
>  {gujarati/babelname}  =>  {gujarati}
>  {gujarati/localnumeral}  =>  {polyglossia@C@localnumeral}
>  {gujarati/Localnumeral}  =>  {polyglossia@C@localnumeral}
>  {gujarati/DefineCommandsCmd}  =>  {xpg_define_language_commands:e}.

Package polyglossia Warning: No hyphenation patterns were loaded for `gujarati'

(polyglossia)                I will use \language=\l@nohyphenation instead on i
nput line 14.

\l@gujarati = a dialect from \language\l@nohyphenation 

Package fontspec Info: Font family 'NotoSans(0)' created for font 'Noto Sans'
(fontspec)             with options [Ligatures=TeX].
(fontspec)              
(fontspec)              This font family consists of the following NFSS
(fontspec)             series/shapes:
(fontspec)              
(fontspec)             - 'normal' (m/n) with NFSS spec.: <->"Noto
(fontspec)             Sans/OT:script=latn;language=dflt;mapping=tex-text;"
(fontspec)             - 'small caps'  (m/sc) with NFSS spec.: <->"Noto
(fontspec)             Sans/OT:script=latn;language=dflt;+smcp;mapping=tex-text
;"
(fontspec)             - 'bold' (b/n) with NFSS spec.: <->"Noto
(fontspec)             Sans/B/OT:script=latn;language=dflt;mapping=tex-text;"
(fontspec)             - 'bold small caps'  (b/sc) with NFSS spec.: <->"Noto
(fontspec)             Sans/B/OT:script=latn;language=dflt;+smcp;mapping=tex-te
xt;"
(fontspec)             - 'italic' (m/it) with NFSS spec.: <->"Noto
(fontspec)             Sans/I/OT:script=latn;language=dflt;mapping=tex-text;"
(fontspec)             - 'italic small caps'  (m/scit) with NFSS spec.:
(fontspec)             <->"Noto
(fontspec)             Sans/I/OT:script=latn;language=dflt;+smcp;mapping=tex-te
xt;"
(fontspec)             - 'bold italic' (b/it) with NFSS spec.: <->"Noto
(fontspec)             Sans/BI/OT:script=latn;language=dflt;mapping=tex-text;"
(fontspec)             - 'bold italic small caps'  (b/scit) with NFSS spec.:
(fontspec)             <->"Noto
(fontspec)             Sans/BI/OT:script=latn;language=dflt;+smcp;mapping=tex-t
ext;"


Package fontspec Info: Could not resolve font "Noto Sans Gujarati/I" (it
(fontspec)             probably doesn't exist).


Package fontspec Info: Font family 'NotoSansGujarati(0)' created for font
(fontspec)             'Noto Sans Gujarati' with options [Script=Gujarati].
(fontspec)              
(fontspec)              This font family consists of the following NFSS
(fontspec)             series/shapes:
(fontspec)              
(fontspec)             - 'normal' (m/n) with NFSS spec.: <->"Noto Sans
(fontspec)             Gujarati/OT:script=gjr2;language=dflt;"
(fontspec)             - 'small caps'  (m/sc) with NFSS spec.: 
(fontspec)             - 'bold' (b/n) with NFSS spec.: <->"Noto Sans
(fontspec)             Gujarati/B/OT:script=gjr2;language=dflt;"
(fontspec)             - 'bold small caps'  (b/sc) with NFSS spec.: 
(fontspec)             - 'bold italic' (b/it) with NFSS spec.: <->"Noto Sans
(fontspec)             Gujarati/BI/OT:script=gjr2;language=dflt;"
(fontspec)             - 'bold italic small caps'  (b/scit) with NFSS spec.: 

(./sample.aux
LaTeX Info: Redefining \rmfamily on input line 17.
LaTeX Info: Redefining \sffamily on input line 17.
LaTeX Info: Redefining \ttfamily on input line 17.
)
\openout1 = `sample.aux'.

LaTeX Font Info:    Checking defaults for OML/cmm/m/it on input line 40.
LaTeX Font Info:    ... okay on input line 40.
LaTeX Font Info:    Checking defaults for OMS/cmsy/m/n on input line 40.
LaTeX Font Info:    ... okay on input line 40.
LaTeX Font Info:    Checking defaults for OT1/cmr/m/n on input line 40.
LaTeX Font Info:    ... okay on input line 40.
LaTeX Font Info:    Checking defaults for T1/cmr/m/n on input line 40.
LaTeX Font Info:    ... okay on input line 40.
LaTeX Font Info:    Checking defaults for TS1/cmr/m/n on input line 40.
LaTeX Font Info:    Trying to load font information for TS1+cmr on input line 4
0.
 (/usr/share/texlive/texmf-dist/tex/latex/base/ts1cmr.fd
File: ts1cmr.fd 2022/07/10 v2.5l Standard LaTeX font definitions
)
LaTeX Font Info:    ... okay on input line 40.
LaTeX Font Info:    Checking defaults for TU/lmr/m/n on input line 40.
LaTeX Font Info:    ... okay on input line 40.
LaTeX Font Info:    Checking defaults for OMX/cmex/m/n on input line 40.
LaTeX Font Info:    ... okay on input line 40.
LaTeX Font Info:    Checking defaults for U/cmr/m/n on input line 40.
LaTeX Font Info:    ... okay on input line 40.
LaTeX Font Info:    Checking defaults for PD1/pdf/m/n on input line 40.
LaTeX Font Info:    ... okay on input line 40.
LaTeX Font Info:    Checking defaults for PU/pdf/m/n on input line 40.
LaTeX Font Info:    ... okay on input line 40.
LaTeX Font Info:    Checking defaults for T3/cmr/m/n on input line 40.
LaTeX Font Info:    Trying to load font information for T3+cmr on input line 40
.

(/usr/share/texlive/texmf-dist/tex/latex/tipa/t3cmr.fd
File: t3cmr.fd 2001/12/31 TIPA font definitions
)
LaTeX Font Info:    ... okay on input line 40.

Package fontspec Info: Adjusting the maths setup (use [no-math] to avoid
(fontspec)             this).

\symlegacymaths=\mathgroup4
LaTeX Font Info:    Overwriting symbol font `legacymaths' in version `bold'
(Font)                  OT1/cmr/m/n --> OT1/cmr/bx/n on input line 40.
LaTeX Font Info:    Redeclaring math accent \acute on input line 40.
LaTeX Font Info:    Redeclaring math accent \grave on input line 40.
LaTeX Font Info:    Redeclaring math accent \ddot on input line 40.
LaTeX Font Info:    Redeclaring math accent \tilde on input line 40.
LaTeX Font Info:    Redeclaring math accent \bar on input line 40.
LaTeX Font Info:    Redeclaring math accent \breve on input line 40.
LaTeX Font Info:    Redeclaring math accent \check on input line 40.
LaTeX Font Info:    Redeclaring math accent \hat on input line 40.
LaTeX Font Info:    Redeclaring math accent \dot on input line 40.
LaTeX Font Info:    Redeclaring math accent \mathring on input line 40.
LaTeX Font Info:    Redeclaring math symbol \colon on input line 40.
LaTeX Font Info:    Redeclaring math symbol \Gamma on input line 40.
LaTeX Font Info:    Redeclaring math symbol \Delta on input line 40.
LaTeX Font Info:    Redeclaring math symbol \Theta on input line 40.
LaTeX Font Info:    Redeclaring math symbol \Lambda on input line 40.
LaTeX Font Info:    Redeclaring math symbol \Xi on input line 40.
LaTeX Font Info:    Redeclaring math symbol \Pi on input line 40.
LaTeX Font Info:    Redeclaring math symbol \Sigma on input line 40.
LaTeX Font Info:    Redeclaring math symbol \Upsilon on input line 40.
LaTeX Font Info:    Redeclaring math symbol \Phi on input line 40.
LaTeX Font Info:    Redeclaring math symbol \Psi on input line 40.
LaTeX Font Info:    Redeclaring math symbol \Omega on input line 40.
LaTeX Font Info:    Redeclaring math symbol \mathdollar on input line 40.
LaTeX Font Info:    Redeclaring symbol font `operators' on input line 40.
LaTeX Font Info:    Encoding `OT1' has changed to `TU' for symbol font
(Font)              `operators' in the math version `normal' on input line 40.
LaTeX Font Info:    Overwriting symbol font `operators' in version `normal'
(Font)                  OT1/cmr/m/n --> TU/NotoSans(0)/m/n on input line 40.
LaTeX Font Info:    Encoding `OT1' has changed to `TU' for symbol font
(Font)              `operators' in the math version `bold' on input line 40.
LaTeX Font Info:    Overwriting symbol font `operators' in version `bold'
(Font)                  OT1/cmr/bx/n --> TU/NotoSans(0)/m/n on input line 40.
LaTeX Font Info:    Overwriting symbol font `operators' in version `normal'
(Font)                  TU/NotoSans(0)/m/n --> TU/NotoSans(0)/m/n on input line
 40.
LaTeX Font Info:    Overwriting math alphabet `\mathit' in version `normal'
(Font)                  OT1/cmr/m/it --> TU/NotoSans(0)/m/it on input line 40.
LaTeX Font Info:    Overwriting math alphabet `\mathbf' in version `normal'
(Font)                  OT1/cmr/bx/n --> TU/NotoSans(0)/b/n on input line 40.
LaTeX Font Info:    Overwriting math alphabet `\mathsf' in version `normal'
(Font)                  OT1/cmss/m/n --> TU/lmss/m/n on input line 40.
LaTeX Font Info:    Overwriting math alphabet `\mathtt' in version `normal'
(Font)                  OT1/cmtt/m/n --> TU/lmtt/m/n on input line 40.
LaTeX Font Info:    Overwriting symbol font `operators' in version `bold'
(Font)                  TU/NotoSans(0)/m/n --> TU/NotoSans(0)/b/n on input line
 40.
LaTeX Font Info:    Overwriting math alphabet `\mathit' in version `bold'
(Font)                  OT1/cmr/bx/it --> TU/NotoSans(0)/b/it on input line 40.

LaTeX Font Info:    Overwriting math alphabet `\mathsf' in version `bold'
(Font)                  OT1/cmss/bx/n --> TU/lmss/b/n on input line 40.
LaTeX Font Info:    Overwriting math alphabet `\mathtt' in version `bold'
(Font)                  OT1/cmtt/m/n --> TU/lmtt/b/n on input line 40.
The property list \__xpg_alias contains the pairs (without outer braces):
>  {latex/target}  =>  {latex}
>  {english/target}  =>  {english}
>  {en/target}  =>  {english}
>  {en-AU/target}  =>  {english}
>  {en-AU/variant}  =>  {australian}
>  {en-AU/options}  =>  {variant=australian}
>  {en-CA/target}  =>  {english}
>  {en-CA/variant}  =>  {canadian}
>  {en-CA/options}  =>  {variant=canadian}
>  {en-GB/target}  =>  {english}
>  {en-GB/variant}  =>  {british}
>  {en-GB/options}  =>  {variant=british}
>  {en-NZ/target}  =>  {english}
>  {en-NZ/variant}  =>  {newzealand}
>  {en-NZ/options}  =>  {variant=newzealand}
>  {en-US/target}  =>  {english}
>  {en-US/variant}  =>  {us}
>  {en-US/options}  =>  {variant=us}
>  {american/target}  =>  {english}
>  {american/variant}  =>  {us}
>  {american/options}  =>  {variant=us}
>  {australian/target}  =>  {english}
>  {australian/variant}  =>  {australian}
>  {australian/options}  =>  {variant=australian}
>  {british/target}  =>  {english}
>  {british/variant}  =>  {british}
>  {british/options}  =>  {variant=british}
>  {canadian/target}  =>  {english}
>  {canadian/variant}  =>  {canadian}
>  {canadian/options}  =>  {variant=canadian}
>  {newzealand/target}  =>  {english}
>  {newzealand/variant}  =>  {newzealand}
>  {newzealand/options}  =>  {variant=newzealand}
>  {gujarati/target}  =>  {gujarati}.
\c@lstlisting=\count306
Package hyperref Info: Link coloring OFF on input line 40.
 (./sample.out)
(./sample.out)
\@outlinefile=\write4
\openout4 = `sample.out'.

LaTeX Info: Redefining \rmfamily on input line 40.
LaTeX Info: Redefining \sffamily on input line 40.
LaTeX Info: Redefining \ttfamily on input line 40.

Overfull \hbox (5.04337pt too wide) in paragraph at lines 65--68
[]\TU/NotoSans(0)/m/n/10 Non-contiguous memory allocation: Elements can be stor
ed anywhere
 []

LaTeX Info: Redefining \rmfamily on input line 117.
LaTeX Info: Redefining \sffamily on input line 117.
LaTeX Info: Redefining \ttfamily on input line 117.
Missing character: There is no ’ (U+2019) in font Noto Sans Gujarati Regular/OT
:script=gjr2;language=dflt;!
LaTeX Info: Redefining \rmfamily on input line 118.
LaTeX Info: Redefining \sffamily on input line 118.
LaTeX Info: Redefining \ttfamily on input line 118.
Missing character: There is no ’ (U+2019) in font Noto Sans Gujarati Regular/OT
:script=gjr2;language=dflt;!

Overfull \hbox (1.16003pt too wide) in paragraph at lines 117--120
[]\TU/NotoSans(0)/m/n/10 Last node[]\TU/NotoSansGujarati(0)/m/n/10 ’[]\TU/NotoS
ans(0)/m/n/10 s next pointer points to the first node, and first node[]\TU/Noto
SansGujarati(0)/m/n/10 ’[]\TU/NotoSans(0)/m/n/10 s
 []

LaTeX Info: Redefining \rmfamily on input line 140.
LaTeX Info: Redefining \sffamily on input line 140.
LaTeX Info: Redefining \ttfamily on input line 140.
LaTeX Info: Redefining \rmfamily on input line 140.
LaTeX Info: Redefining \sffamily on input line 140.
LaTeX Info: Redefining \ttfamily on input line 140.
LaTeX Info: Redefining \rmfamily on input line 140.
LaTeX Info: Redefining \sffamily on input line 140.
LaTeX Info: Redefining \ttfamily on input line 140.
LaTeX Info: Redefining \rmfamily on input line 140.
LaTeX Info: Redefining \sffamily on input line 140.
LaTeX Info: Redefining \ttfamily on input line 140.
LaTeX Info: Redefining \rmfamily on input line 140.
LaTeX Info: Redefining \sffamily on input line 140.
LaTeX Info: Redefining \ttfamily on input line 140.
LaTeX Info: Redefining \rmfamily on input line 140.
LaTeX Info: Redefining \sffamily on input line 140.
LaTeX Info: Redefining \ttfamily on input line 140.
LaTeX Info: Redefining \rmfamily on input line 140.
LaTeX Info: Redefining \sffamily on input line 140.
LaTeX Info: Redefining \ttfamily on input line 140.
LaTeX Info: Redefining \rmfamily on input line 140.
LaTeX Info: Redefining \sffamily on input line 140.
LaTeX Info: Redefining \ttfamily on input line 140.
LaTeX Info: Redefining \rmfamily on input line 140.
LaTeX Info: Redefining \sffamily on input line 140.
LaTeX Info: Redefining \ttfamily on input line 140.
LaTeX Info: Redefining \rmfamily on input line 140.
LaTeX Info: Redefining \sffamily on input line 140.
LaTeX Info: Redefining \ttfamily on input line 140.
LaTeX Info: Redefining \rmfamily on input line 140.
LaTeX Info: Redefining \sffamily on input line 140.
LaTeX Info: Redefining \ttfamily on input line 140.
LaTeX Info: Redefining \rmfamily on input line 140.
LaTeX Info: Redefining \sffamily on input line 140.
LaTeX Info: Redefining \ttfamily on input line 140.
LaTeX Info: Redefining \rmfamily on input line 140.
LaTeX Info: Redefining \sffamily on input line 140.
LaTeX Info: Redefining \ttfamily on input line 140.
LaTeX Info: Redefining \rmfamily on input line 140.
LaTeX Info: Redefining \sffamily on input line 140.
LaTeX Info: Redefining \ttfamily on input line 140.
LaTeX Info: Redefining \rmfamily on input line 140.
LaTeX Info: Redefining \sffamily on input line 140.
LaTeX Info: Redefining \ttfamily on input line 140.
LaTeX Info: Redefining \rmfamily on input line 142.
LaTeX Info: Redefining \sffamily on input line 142.
LaTeX Info: Redefining \ttfamily on input line 142.
LaTeX Info: Redefining \rmfamily on input line 142.
LaTeX Info: Redefining \sffamily on input line 142.
LaTeX Info: Redefining \ttfamily on input line 142.
LaTeX Info: Redefining \rmfamily on input line 143.
LaTeX Info: Redefining \sffamily on input line 143.
LaTeX Info: Redefining \ttfamily on input line 143.
LaTeX Info: Redefining \rmfamily on input line 143.
LaTeX Info: Redefining \sffamily on input line 143.
LaTeX Info: Redefining \ttfamily on input line 143.
LaTeX Info: Redefining \rmfamily on input line 143.
LaTeX Info: Redefining \sffamily on input line 143.
LaTeX Info: Redefining \ttfamily on input line 143.
LaTeX Info: Redefining \rmfamily on input line 144.
LaTeX Info: Redefining \sffamily on input line 144.
LaTeX Info: Redefining \ttfamily on input line 144.
LaTeX Info: Redefining \rmfamily on input line 144.
LaTeX Info: Redefining \sffamily on input line 144.
LaTeX Info: Redefining \ttfamily on input line 144.
LaTeX Info: Redefining \rmfamily on input line 144.
LaTeX Info: Redefining \sffamily on input line 144.
LaTeX Info: Redefining \ttfamily on input line 144.
LaTeX Info: Redefining \rmfamily on input line 145.
LaTeX Info: Redefining \sffamily on input line 145.
LaTeX Info: Redefining \ttfamily on input line 145.
LaTeX Info: Redefining \rmfamily on input line 145.
LaTeX Info: Redefining \sffamily on input line 145.
LaTeX Info: Redefining \ttfamily on input line 145.
LaTeX Info: Redefining \rmfamily on input line 145.
LaTeX Info: Redefining \sffamily on input line 145.
LaTeX Info: Redefining \ttfamily on input line 145.
LaTeX Info: Redefining \rmfamily on input line 146.
LaTeX Info: Redefining \sffamily on input line 146.
LaTeX Info: Redefining \ttfamily on input line 146.
LaTeX Info: Redefining \rmfamily on input line 146.
LaTeX Info: Redefining \sffamily on input line 146.
LaTeX Info: Redefining \ttfamily on input line 146.
LaTeX Info: Redefining \rmfamily on input line 146.
LaTeX Info: Redefining \sffamily on input line 146.
LaTeX Info: Redefining \ttfamily on input line 146.
LaTeX Info: Redefining \rmfamily on input line 147.
LaTeX Info: Redefining \sffamily on input line 147.
LaTeX Info: Redefining \ttfamily on input line 147.
LaTeX Info: Redefining \rmfamily on input line 147.
LaTeX Info: Redefining \sffamily on input line 147.
LaTeX Info: Redefining \ttfamily on input line 147.
LaTeX Info: Redefining \rmfamily on input line 147.
LaTeX Info: Redefining \sffamily on input line 147.
LaTeX Info: Redefining \ttfamily on input line 147.
LaTeX Info: Redefining \rmfamily on input line 148.
LaTeX Info: Redefining \sffamily on input line 148.
LaTeX Info: Redefining \ttfamily on input line 148.
LaTeX Info: Redefining \rmfamily on input line 148.
LaTeX Info: Redefining \sffamily on input line 148.
LaTeX Info: Redefining \ttfamily on input line 148.
LaTeX Info: Redefining \rmfamily on input line 148.
LaTeX Info: Redefining \sffamily on input line 148.
LaTeX Info: Redefining \ttfamily on input line 148.
LaTeX Info: Redefining \rmfamily on input line 149.
LaTeX Info: Redefining \sffamily on input line 149.
LaTeX Info: Redefining \ttfamily on input line 149.
LaTeX Info: Redefining \rmfamily on input line 149.
LaTeX Info: Redefining \sffamily on input line 149.
LaTeX Info: Redefining \ttfamily on input line 149.
LaTeX Info: Redefining \rmfamily on input line 149.
LaTeX Info: Redefining \sffamily on input line 149.
LaTeX Info: Redefining \ttfamily on input line 149.
LaTeX Info: Redefining \rmfamily on input line 150.
LaTeX Info: Redefining \sffamily on input line 150.
LaTeX Info: Redefining \ttfamily on input line 150.
LaTeX Info: Redefining \rmfamily on input line 150.
LaTeX Info: Redefining \sffamily on input line 150.
LaTeX Info: Redefining \ttfamily on input line 150.
LaTeX Info: Redefining \rmfamily on input line 150.
LaTeX Info: Redefining \sffamily on input line 150.
LaTeX Info: Redefining \ttfamily on input line 150.
LaTeX Info: Redefining \rmfamily on input line 151.
LaTeX Info: Redefining \sffamily on input line 151.
LaTeX Info: Redefining \ttfamily on input line 151.
LaTeX Info: Redefining \rmfamily on input line 151.
LaTeX Info: Redefining \sffamily on input line 151.
LaTeX Info: Redefining \ttfamily on input line 151.
LaTeX Info: Redefining \rmfamily on input line 151.
LaTeX Info: Redefining \sffamily on input line 151.
LaTeX Info: Redefining \ttfamily on input line 151.
LaTeX Info: Redefining \rmfamily on input line 152.
LaTeX Info: Redefining \sffamily on input line 152.
LaTeX Info: Redefining \ttfamily on input line 152.
LaTeX Info: Redefining \rmfamily on input line 152.
LaTeX Info: Redefining \sffamily on input line 152.
LaTeX Info: Redefining \ttfamily on input line 152.
LaTeX Info: Redefining \rmfamily on input line 153.
LaTeX Info: Redefining \sffamily on input line 153.
LaTeX Info: Redefining \ttfamily on input line 153.
LaTeX Info: Redefining \rmfamily on input line 153.
LaTeX Info: Redefining \sffamily on input line 153.
LaTeX Info: Redefining \ttfamily on input line 153.
LaTeX Info: Redefining \rmfamily on input line 153.
LaTeX Info: Redefining \sffamily on input line 153.
LaTeX Info: Redefining \ttfamily on input line 153.
LaTeX Info: Redefining \rmfamily on input line 154.
LaTeX Info: Redefining \sffamily on input line 154.
LaTeX Info: Redefining \ttfamily on input line 154.
LaTeX Info: Redefining \rmfamily on input line 154.
LaTeX Info: Redefining \sffamily on input line 154.
LaTeX Info: Redefining \ttfamily on input line 154.
LaTeX Info: Redefining \rmfamily on input line 154.
LaTeX Info: Redefining \sffamily on input line 154.
LaTeX Info: Redefining \ttfamily on input line 154.
LaTeX Info: Redefining \rmfamily on input line 155.
LaTeX Info: Redefining \sffamily on input line 155.
LaTeX Info: Redefining \ttfamily on input line 155.
LaTeX Info: Redefining \rmfamily on input line 155.
LaTeX Info: Redefining \sffamily on input line 155.
LaTeX Info: Redefining \ttfamily on input line 155.
LaTeX Info: Redefining \rmfamily on input line 156.
LaTeX Info: Redefining \sffamily on input line 156.
LaTeX Info: Redefining \ttfamily on input line 156.
LaTeX Info: Redefining \rmfamily on input line 156.
LaTeX Info: Redefining \sffamily on input line 156.
LaTeX Info: Redefining \ttfamily on input line 156.
LaTeX Info: Redefining \rmfamily on input line 156.
LaTeX Info: Redefining \sffamily on input line 156.
LaTeX Info: Redefining \ttfamily on input line 156.
LaTeX Info: Redefining \rmfamily on input line 157.
LaTeX Info: Redefining \sffamily on input line 157.
LaTeX Info: Redefining \ttfamily on input line 157.
[1

]
LaTeX Info: Redefining \rmfamily on input line 159.
LaTeX Info: Redefining \sffamily on input line 159.
LaTeX Info: Redefining \ttfamily on input line 159.
LaTeX Info: Redefining \rmfamily on input line 159.
LaTeX Info: Redefining \sffamily on input line 159.
LaTeX Info: Redefining \ttfamily on input line 159.
LaTeX Info: Redefining \rmfamily on input line 160.
LaTeX Info: Redefining \sffamily on input line 160.
LaTeX Info: Redefining \ttfamily on input line 160.
LaTeX Info: Redefining \rmfamily on input line 165.
LaTeX Info: Redefining \sffamily on input line 165.
LaTeX Info: Redefining \ttfamily on input line 165.
LaTeX Info: Redefining \rmfamily on input line 165.
LaTeX Info: Redefining \sffamily on input line 165.
LaTeX Info: Redefining \ttfamily on input line 165.
LaTeX Info: Redefining \rmfamily on input line 165.
LaTeX Info: Redefining \sffamily on input line 165.
LaTeX Info: Redefining \ttfamily on input line 165.
LaTeX Info: Redefining \rmfamily on input line 166.
LaTeX Info: Redefining \sffamily on input line 166.
LaTeX Info: Redefining \ttfamily on input line 166.
LaTeX Info: Redefining \rmfamily on input line 166.
LaTeX Info: Redefining \sffamily on input line 166.
LaTeX Info: Redefining \ttfamily on input line 166.
LaTeX Info: Redefining \rmfamily on input line 166.
LaTeX Info: Redefining \sffamily on input line 166.
LaTeX Info: Redefining \ttfamily on input line 166.
LaTeX Info: Redefining \rmfamily on input line 167.
LaTeX Info: Redefining \sffamily on input line 167.
LaTeX Info: Redefining \ttfamily on input line 167.
LaTeX Info: Redefining \rmfamily on input line 167.
LaTeX Info: Redefining \sffamily on input line 167.
LaTeX Info: Redefining \ttfamily on input line 167.
LaTeX Info: Redefining \rmfamily on input line 167.
LaTeX Info: Redefining \sffamily on input line 167.
LaTeX Info: Redefining \ttfamily on input line 167.
LaTeX Info: Redefining \rmfamily on input line 168.
LaTeX Info: Redefining \sffamily on input line 168.
LaTeX Info: Redefining \ttfamily on input line 168.
LaTeX Info: Redefining \rmfamily on input line 170.
LaTeX Info: Redefining \sffamily on input line 170.
LaTeX Info: Redefining \ttfamily on input line 170.
LaTeX Info: Redefining \rmfamily on input line 170.
LaTeX Info: Redefining \sffamily on input line 170.
LaTeX Info: Redefining \ttfamily on input line 170.
LaTeX Info: Redefining \rmfamily on input line 170.
LaTeX Info: Redefining \sffamily on input line 170.
LaTeX Info: Redefining \ttfamily on input line 170.
LaTeX Info: Redefining \rmfamily on input line 171.
LaTeX Info: Redefining \sffamily on input line 171.
LaTeX Info: Redefining \ttfamily on input line 171.
LaTeX Info: Redefining \rmfamily on input line 171.
LaTeX Info: Redefining \sffamily on input line 171.
LaTeX Info: Redefining \ttfamily on input line 171.
LaTeX Info: Redefining \rmfamily on input line 171.
LaTeX Info: Redefining \sffamily on input line 171.
LaTeX Info: Redefining \ttfamily on input line 171.
LaTeX Info: Redefining \rmfamily on input line 172.
LaTeX Info: Redefining \sffamily on input line 172.
LaTeX Info: Redefining \ttfamily on input line 172.
LaTeX Info: Redefining \rmfamily on input line 172.
LaTeX Info: Redefining \sffamily on input line 172.
LaTeX Info: Redefining \ttfamily on input line 172.
LaTeX Info: Redefining \rmfamily on input line 172.
LaTeX Info: Redefining \sffamily on input line 172.
LaTeX Info: Redefining \ttfamily on input line 172.
LaTeX Info: Redefining \rmfamily on input line 173.
LaTeX Info: Redefining \sffamily on input line 173.
LaTeX Info: Redefining \ttfamily on input line 173.
LaTeX Info: Redefining \rmfamily on input line 173.
LaTeX Info: Redefining \sffamily on input line 173.
LaTeX Info: Redefining \ttfamily on input line 173.
LaTeX Info: Redefining \rmfamily on input line 173.
LaTeX Info: Redefining \sffamily on input line 173.
LaTeX Info: Redefining \ttfamily on input line 173.
LaTeX Info: Redefining \rmfamily on input line 175.
LaTeX Info: Redefining \sffamily on input line 175.
LaTeX Info: Redefining \ttfamily on input line 175.
LaTeX Info: Redefining \rmfamily on input line 175.
LaTeX Info: Redefining \sffamily on input line 175.
LaTeX Info: Redefining \ttfamily on input line 175.
LaTeX Info: Redefining \rmfamily on input line 176.
LaTeX Info: Redefining \sffamily on input line 176.
LaTeX Info: Redefining \ttfamily on input line 176.
LaTeX Info: Redefining \rmfamily on input line 176.
LaTeX Info: Redefining \sffamily on input line 176.
LaTeX Info: Redefining \ttfamily on input line 176.
LaTeX Info: Redefining \rmfamily on input line 176.
LaTeX Info: Redefining \sffamily on input line 176.
LaTeX Info: Redefining \ttfamily on input line 176.
LaTeX Info: Redefining \rmfamily on input line 177.
LaTeX Info: Redefining \sffamily on input line 177.
LaTeX Info: Redefining \ttfamily on input line 177.
LaTeX Info: Redefining \rmfamily on input line 177.
LaTeX Info: Redefining \sffamily on input line 177.
LaTeX Info: Redefining \ttfamily on input line 177.
LaTeX Info: Redefining \rmfamily on input line 177.
LaTeX Info: Redefining \sffamily on input line 177.
LaTeX Info: Redefining \ttfamily on input line 177.
LaTeX Info: Redefining \rmfamily on input line 178.
LaTeX Info: Redefining \sffamily on input line 178.
LaTeX Info: Redefining \ttfamily on input line 178.
LaTeX Info: Redefining \rmfamily on input line 181.
LaTeX Info: Redefining \sffamily on input line 181.
LaTeX Info: Redefining \ttfamily on input line 181.
LaTeX Info: Redefining \rmfamily on input line 181.
LaTeX Info: Redefining \sffamily on input line 181.
LaTeX Info: Redefining \ttfamily on input line 181.
LaTeX Info: Redefining \rmfamily on input line 192.
LaTeX Info: Redefining \sffamily on input line 192.
LaTeX Info: Redefining \ttfamily on input line 192.
LaTeX Info: Redefining \rmfamily on input line 192.
LaTeX Info: Redefining \sffamily on input line 192.
LaTeX Info: Redefining \ttfamily on input line 192.
LaTeX Info: Redefining \rmfamily on input line 192.
LaTeX Info: Redefining \sffamily on input line 192.
LaTeX Info: Redefining \ttfamily on input line 192.
LaTeX Info: Redefining \rmfamily on input line 193.
LaTeX Info: Redefining \sffamily on input line 193.
LaTeX Info: Redefining \ttfamily on input line 193.
LaTeX Info: Redefining \rmfamily on input line 193.
LaTeX Info: Redefining \sffamily on input line 193.
LaTeX Info: Redefining \ttfamily on input line 193.
LaTeX Info: Redefining \rmfamily on input line 193.
LaTeX Info: Redefining \sffamily on input line 193.
LaTeX Info: Redefining \ttfamily on input line 193.
LaTeX Info: Redefining \rmfamily on input line 194.
LaTeX Info: Redefining \sffamily on input line 194.
LaTeX Info: Redefining \ttfamily on input line 194.
LaTeX Info: Redefining \rmfamily on input line 194.
LaTeX Info: Redefining \sffamily on input line 194.
LaTeX Info: Redefining \ttfamily on input line 194.
LaTeX Info: Redefining \rmfamily on input line 194.
LaTeX Info: Redefining \sffamily on input line 194.
LaTeX Info: Redefining \ttfamily on input line 194.
LaTeX Info: Redefining \rmfamily on input line 195.
LaTeX Info: Redefining \sffamily on input line 195.
LaTeX Info: Redefining \ttfamily on input line 195.
LaTeX Info: Redefining \rmfamily on input line 197.
LaTeX Info: Redefining \sffamily on input line 197.
LaTeX Info: Redefining \ttfamily on input line 197.
LaTeX Info: Redefining \rmfamily on input line 197.
LaTeX Info: Redefining \sffamily on input line 197.
LaTeX Info: Redefining \ttfamily on input line 197.
LaTeX Info: Redefining \rmfamily on input line 197.
LaTeX Info: Redefining \sffamily on input line 197.
LaTeX Info: Redefining \ttfamily on input line 197.
LaTeX Info: Redefining \rmfamily on input line 198.
LaTeX Info: Redefining \sffamily on input line 198.
LaTeX Info: Redefining \ttfamily on input line 198.
LaTeX Info: Redefining \rmfamily on input line 198.
LaTeX Info: Redefining \sffamily on input line 198.
LaTeX Info: Redefining \ttfamily on input line 198.
LaTeX Info: Redefining \rmfamily on input line 198.
LaTeX Info: Redefining \sffamily on input line 198.
LaTeX Info: Redefining \ttfamily on input line 198.
LaTeX Info: Redefining \rmfamily on input line 199.
LaTeX Info: Redefining \sffamily on input line 199.
LaTeX Info: Redefining \ttfamily on input line 199.
LaTeX Info: Redefining \rmfamily on input line 199.
LaTeX Info: Redefining \sffamily on input line 199.
LaTeX Info: Redefining \ttfamily on input line 199.
LaTeX Info: Redefining \rmfamily on input line 199.
LaTeX Info: Redefining \sffamily on input line 199.
LaTeX Info: Redefining \ttfamily on input line 199.
LaTeX Info: Redefining \rmfamily on input line 200.
LaTeX Info: Redefining \sffamily on input line 200.
LaTeX Info: Redefining \ttfamily on input line 200.
LaTeX Info: Redefining \rmfamily on input line 208.
LaTeX Info: Redefining \sffamily on input line 208.
LaTeX Info: Redefining \ttfamily on input line 208.
LaTeX Info: Redefining \rmfamily on input line 208.
LaTeX Info: Redefining \sffamily on input line 208.
LaTeX Info: Redefining \ttfamily on input line 208.
LaTeX Info: Redefining \rmfamily on input line 208.
LaTeX Info: Redefining \sffamily on input line 208.
LaTeX Info: Redefining \ttfamily on input line 208.
LaTeX Info: Redefining \rmfamily on input line 209.
LaTeX Info: Redefining \sffamily on input line 209.
LaTeX Info: Redefining \ttfamily on input line 209.
LaTeX Info: Redefining \rmfamily on input line 209.
LaTeX Info: Redefining \sffamily on input line 209.
LaTeX Info: Redefining \ttfamily on input line 209.
LaTeX Info: Redefining \rmfamily on input line 209.
LaTeX Info: Redefining \sffamily on input line 209.
LaTeX Info: Redefining \ttfamily on input line 209.
LaTeX Info: Redefining \rmfamily on input line 210.
LaTeX Info: Redefining \sffamily on input line 210.
LaTeX Info: Redefining \ttfamily on input line 210.
LaTeX Info: Redefining \rmfamily on input line 210.
LaTeX Info: Redefining \sffamily on input line 210.
LaTeX Info: Redefining \ttfamily on input line 210.
LaTeX Info: Redefining \rmfamily on input line 210.
LaTeX Info: Redefining \sffamily on input line 210.
LaTeX Info: Redefining \ttfamily on input line 210.
LaTeX Info: Redefining \rmfamily on input line 211.
LaTeX Info: Redefining \sffamily on input line 211.
LaTeX Info: Redefining \ttfamily on input line 211.
LaTeX Info: Redefining \rmfamily on input line 211.
LaTeX Info: Redefining \sffamily on input line 211.
LaTeX Info: Redefining \ttfamily on input line 211.
LaTeX Info: Redefining \rmfamily on input line 211.
LaTeX Info: Redefining \sffamily on input line 211.
LaTeX Info: Redefining \ttfamily on input line 211.
LaTeX Info: Redefining \rmfamily on input line 212.
LaTeX Info: Redefining \sffamily on input line 212.
LaTeX Info: Redefining \ttfamily on input line 212.
LaTeX Info: Redefining \rmfamily on input line 212.
LaTeX Info: Redefining \sffamily on input line 212.
LaTeX Info: Redefining \ttfamily on input line 212.
LaTeX Info: Redefining \rmfamily on input line 214.
LaTeX Info: Redefining \sffamily on input line 214.
LaTeX Info: Redefining \ttfamily on input line 214.
LaTeX Info: Redefining \rmfamily on input line 214.
LaTeX Info: Redefining \sffamily on input line 214.
LaTeX Info: Redefining \ttfamily on input line 214.
LaTeX Info: Redefining \rmfamily on input line 214.
LaTeX Info: Redefining \sffamily on input line 214.
LaTeX Info: Redefining \ttfamily on input line 214.
LaTeX Info: Redefining \rmfamily on input line 215.
LaTeX Info: Redefining \sffamily on input line 215.
LaTeX Info: Redefining \ttfamily on input line 215.
LaTeX Info: Redefining \rmfamily on input line 215.
LaTeX Info: Redefining \sffamily on input line 215.
LaTeX Info: Redefining \ttfamily on input line 215.
LaTeX Info: Redefining \rmfamily on input line 215.
LaTeX Info: Redefining \sffamily on input line 215.
LaTeX Info: Redefining \ttfamily on input line 215.
LaTeX Info: Redefining \rmfamily on input line 223.
LaTeX Info: Redefining \sffamily on input line 223.
LaTeX Info: Redefining \ttfamily on input line 223.
LaTeX Info: Redefining \rmfamily on input line 223.
LaTeX Info: Redefining \sffamily on input line 223.
LaTeX Info: Redefining \ttfamily on input line 223.
LaTeX Info: Redefining \rmfamily on input line 224.
LaTeX Info: Redefining \sffamily on input line 224.
LaTeX Info: Redefining \ttfamily on input line 224.
LaTeX Info: Redefining \rmfamily on input line 224.
LaTeX Info: Redefining \sffamily on input line 224.
LaTeX Info: Redefining \ttfamily on input line 224.
LaTeX Info: Redefining \rmfamily on input line 224.
LaTeX Info: Redefining \sffamily on input line 224.
LaTeX Info: Redefining \ttfamily on input line 224.
LaTeX Info: Redefining \rmfamily on input line 225.
LaTeX Info: Redefining \sffamily on input line 225.
LaTeX Info: Redefining \ttfamily on input line 225.
LaTeX Info: Redefining \rmfamily on input line 225.
LaTeX Info: Redefining \sffamily on input line 225.
LaTeX Info: Redefining \ttfamily on input line 225.
LaTeX Info: Redefining \rmfamily on input line 225.
LaTeX Info: Redefining \sffamily on input line 225.
LaTeX Info: Redefining \ttfamily on input line 225.
LaTeX Info: Redefining \rmfamily on input line 226.
LaTeX Info: Redefining \sffamily on input line 226.
LaTeX Info: Redefining \ttfamily on input line 226.
LaTeX Info: Redefining \rmfamily on input line 226.
LaTeX Info: Redefining \sffamily on input line 226.
LaTeX Info: Redefining \ttfamily on input line 226.
LaTeX Info: Redefining \rmfamily on input line 228.
LaTeX Info: Redefining \sffamily on input line 228.
LaTeX Info: Redefining \ttfamily on input line 228.
LaTeX Info: Redefining \rmfamily on input line 228.
LaTeX Info: Redefining \sffamily on input line 228.
LaTeX Info: Redefining \ttfamily on input line 228.
LaTeX Info: Redefining \rmfamily on input line 228.
LaTeX Info: Redefining \sffamily on input line 228.
LaTeX Info: Redefining \ttfamily on input line 228.
LaTeX Info: Redefining \rmfamily on input line 229.
LaTeX Info: Redefining \sffamily on input line 229.
LaTeX Info: Redefining \ttfamily on input line 229.
LaTeX Info: Redefining \rmfamily on input line 237.
LaTeX Info: Redefining \sffamily on input line 237.
LaTeX Info: Redefining \ttfamily on input line 237.
LaTeX Info: Redefining \rmfamily on input line 238.
LaTeX Info: Redefining \sffamily on input line 238.
LaTeX Info: Redefining \ttfamily on input line 238.
LaTeX Info: Redefining \rmfamily on input line 238.
LaTeX Info: Redefining \sffamily on input line 238.
LaTeX Info: Redefining \ttfamily on input line 238.
LaTeX Info: Redefining \rmfamily on input line 238.
LaTeX Info: Redefining \sffamily on input line 238.
LaTeX Info: Redefining \ttfamily on input line 238.
LaTeX Info: Redefining \rmfamily on input line 239.
LaTeX Info: Redefining \sffamily on input line 239.
LaTeX Info: Redefining \ttfamily on input line 239.
LaTeX Info: Redefining \rmfamily on input line 241.
LaTeX Info: Redefining \sffamily on input line 241.
LaTeX Info: Redefining \ttfamily on input line 241.
LaTeX Info: Redefining \rmfamily on input line 241.
LaTeX Info: Redefining \sffamily on input line 241.
LaTeX Info: Redefining \ttfamily on input line 241.
LaTeX Info: Redefining \rmfamily on input line 242.
LaTeX Info: Redefining \sffamily on input line 242.
LaTeX Info: Redefining \ttfamily on input line 242.
LaTeX Info: Redefining \rmfamily on input line 242.
LaTeX Info: Redefining \sffamily on input line 242.
LaTeX Info: Redefining \ttfamily on input line 242.
LaTeX Info: Redefining \rmfamily on input line 242.
LaTeX Info: Redefining \sffamily on input line 242.
LaTeX Info: Redefining \ttfamily on input line 242.
LaTeX Info: Redefining \rmfamily on input line 243.
LaTeX Info: Redefining \sffamily on input line 243.
LaTeX Info: Redefining \ttfamily on input line 243.
LaTeX Info: Redefining \rmfamily on input line 243.
LaTeX Info: Redefining \sffamily on input line 243.
LaTeX Info: Redefining \ttfamily on input line 243.
LaTeX Info: Redefining \rmfamily on input line 243.
LaTeX Info: Redefining \sffamily on input line 243.
LaTeX Info: Redefining \ttfamily on input line 243.
LaTeX Info: Redefining \rmfamily on input line 244.
LaTeX Info: Redefining \sffamily on input line 244.
LaTeX Info: Redefining \ttfamily on input line 244.
LaTeX Info: Redefining \rmfamily on input line 244.
LaTeX Info: Redefining \sffamily on input line 244.
LaTeX Info: Redefining \ttfamily on input line 244.
LaTeX Info: Redefining \rmfamily on input line 245.
LaTeX Info: Redefining \sffamily on input line 245.
LaTeX Info: Redefining \ttfamily on input line 245.
LaTeX Info: Redefining \rmfamily on input line 245.
LaTeX Info: Redefining \sffamily on input line 245.
LaTeX Info: Redefining \ttfamily on input line 245.
LaTeX Info: Redefining \rmfamily on input line 245.
LaTeX Info: Redefining \sffamily on input line 245.
LaTeX Info: Redefining \ttfamily on input line 245.
LaTeX Info: Redefining \rmfamily on input line 246.
LaTeX Info: Redefining \sffamily on input line 246.
LaTeX Info: Redefining \ttfamily on input line 246.
LaTeX Info: Redefining \rmfamily on input line 246.
LaTeX Info: Redefining \sffamily on input line 246.
LaTeX Info: Redefining \ttfamily on input line 246.
LaTeX Info: Redefining \rmfamily on input line 254.
LaTeX Info: Redefining \sffamily on input line 254.
LaTeX Info: Redefining \ttfamily on input line 254.
LaTeX Info: Redefining \rmfamily on input line 254.
LaTeX Info: Redefining \sffamily on input line 254.
LaTeX Info: Redefining \ttfamily on input line 254.
LaTeX Info: Redefining \rmfamily on input line 254.
LaTeX Info: Redefining \sffamily on input line 254.
LaTeX Info: Redefining \ttfamily on input line 254.
LaTeX Info: Redefining \rmfamily on input line 255.
LaTeX Info: Redefining \sffamily on input line 255.
LaTeX Info: Redefining \ttfamily on input line 255.
LaTeX Info: Redefining \rmfamily on input line 255.
LaTeX Info: Redefining \sffamily on input line 255.
LaTeX Info: Redefining \ttfamily on input line 255.
LaTeX Info: Redefining \rmfamily on input line 257.
LaTeX Info: Redefining \sffamily on input line 257.
LaTeX Info: Redefining \ttfamily on input line 257.
LaTeX Info: Redefining \rmfamily on input line 257.
LaTeX Info: Redefining \sffamily on input line 257.
LaTeX Info: Redefining \ttfamily on input line 257.
LaTeX Info: Redefining \rmfamily on input line 258.
LaTeX Info: Redefining \sffamily on input line 258.
LaTeX Info: Redefining \ttfamily on input line 258.
LaTeX Info: Redefining \rmfamily on input line 258.
LaTeX Info: Redefining \sffamily on input line 258.
LaTeX Info: Redefining \ttfamily on input line 258.
LaTeX Info: Redefining \rmfamily on input line 258.
LaTeX Info: Redefining \sffamily on input line 258.
LaTeX Info: Redefining \ttfamily on input line 258.
LaTeX Info: Redefining \rmfamily on input line 259.
LaTeX Info: Redefining \sffamily on input line 259.
LaTeX Info: Redefining \ttfamily on input line 259.
LaTeX Info: Redefining \rmfamily on input line 259.
LaTeX Info: Redefining \sffamily on input line 259.
LaTeX Info: Redefining \ttfamily on input line 259.
LaTeX Info: Redefining \rmfamily on input line 260.
LaTeX Info: Redefining \sffamily on input line 260.
LaTeX Info: Redefining \ttfamily on input line 260.
LaTeX Info: Redefining \rmfamily on input line 260.
LaTeX Info: Redefining \sffamily on input line 260.
LaTeX Info: Redefining \ttfamily on input line 260.
LaTeX Info: Redefining \rmfamily on input line 260.
LaTeX Info: Redefining \sffamily on input line 260.
LaTeX Info: Redefining \ttfamily on input line 260.
LaTeX Info: Redefining \rmfamily on input line 261.
LaTeX Info: Redefining \sffamily on input line 261.
LaTeX Info: Redefining \ttfamily on input line 261.
LaTeX Info: Redefining \rmfamily on input line 261.
LaTeX Info: Redefining \sffamily on input line 261.
LaTeX Info: Redefining \ttfamily on input line 261.
LaTeX Info: Redefining \rmfamily on input line 261.
LaTeX Info: Redefining \sffamily on input line 261.
LaTeX Info: Redefining \ttfamily on input line 261.
LaTeX Info: Redefining \rmfamily on input line 262.
LaTeX Info: Redefining \sffamily on input line 262.
LaTeX Info: Redefining \ttfamily on input line 262.
The property list \polyglossia@langsetup contains the pairs (without outer
braces):
>  {latex/script}  =>  {latin}
>  {latex/lcscript}  =>  {latin}
>  {latex/scripttag}  =>  {}
>  {latex/language}  =>  {Latex}
>  {latex/langtag}  =>  {ENG}
>  {latex/bcp47}  =>  {}
>  {latex/hyphennames}  =>  {english}
>  {latex/direction}  =>  {LR}
>  {latex/hyphenmins}  =>  {2,3}
>  {latex/frenchspacing}  =>  {false}
>  {latex/indentfirst}  =>  {false}
>  {latex/fontsetup}  =>  {true}
>  {latex/envname}  =>  {latex}
>  {latex/babelname}  =>  {latex}
>  {latex/localnumeral}  =>  {polyglossia@C@localnumeral}
>  {latex/Localnumeral}  =>  {polyglossia@C@localnumeral}
>  {latex/DefineCommandsCmd}  =>  {use_none:n}
>  {english/script}  =>  {latin}
>  {english/lcscript}  =>  {latin}
>  {english/scripttag}  =>  {}
>  {english/language}  =>  {English}
>  {english/langtag}  =>  {ENG}
>  {english/bcp47}  =>  {en-US}
>  {english/hyphennames}  =>  {english,american,usenglish,USenglish}
>  {english/direction}  =>  {LR}
>  {english/hyphenmins}  =>  {2,3}
>  {english/frenchspacing}  =>  {false}
>  {english/indentfirst}  =>  {false}
>  {english/fontsetup}  =>  {true}
>  {english/envname}  =>  {english}
>  {english/babelname}  =>  {american}
>  {english/localnumeral}  =>  {polyglossia@C@localnumeral}
>  {english/Localnumeral}  =>  {polyglossia@C@localnumeral}
>  {english/DefineCommandsCmd}  =>  {xpg_define_language_commands:e}
>  {gujarati/script}  =>  {latin}
>  {gujarati/lcscript}  =>  {latin}
>  {gujarati/scripttag}  =>  {}
>  {gujarati/language}  =>  {Gujarati}
>  {gujarati/langtag}  =>  {}
>  {gujarati/bcp47}  =>  {}
>  {gujarati/hyphennames}  =>  {gujarati}
>  {gujarati/direction}  =>  {LR}
>  {gujarati/hyphenmins}  =>  {2,3}
>  {gujarati/frenchspacing}  =>  {false}
>  {gujarati/indentfirst}  =>  {false}
>  {gujarati/fontsetup}  =>  {true}
>  {gujarati/envname}  =>  {gujarati}
>  {gujarati/babelname}  =>  {gujarati}
>  {gujarati/localnumeral}  =>  {polyglossia@C@localnumeral}
>  {gujarati/Localnumeral}  =>  {polyglossia@C@localnumeral}
>  {gujarati/DefineCommandsCmd}  =>  {xpg_define_language_commands:e}.
The property list \__xpg_alias contains the pairs (without outer braces):
>  {latex/target}  =>  {latex}
>  {english/target}  =>  {english}
>  {en/target}  =>  {english}
>  {en-AU/target}  =>  {english}
>  {en-AU/variant}  =>  {australian}
>  {en-AU/options}  =>  {variant=australian}
>  {en-CA/target}  =>  {english}
>  {en-CA/variant}  =>  {canadian}
>  {en-CA/options}  =>  {variant=canadian}
>  {en-GB/target}  =>  {english}
>  {en-GB/variant}  =>  {british}
>  {en-GB/options}  =>  {variant=british}
>  {en-NZ/target}  =>  {english}
>  {en-NZ/variant}  =>  {newzealand}
>  {en-NZ/options}  =>  {variant=newzealand}
>  {en-US/target}  =>  {english}
>  {en-US/variant}  =>  {us}
>  {en-US/options}  =>  {variant=us}
>  {american/target}  =>  {english}
>  {american/variant}  =>  {us}
>  {american/options}  =>  {variant=us}
>  {australian/target}  =>  {english}
>  {australian/variant}  =>  {australian}
>  {australian/options}  =>  {variant=australian}
>  {british/target}  =>  {english}
>  {british/variant}  =>  {british}
>  {british/options}  =>  {variant=british}
>  {canadian/target}  =>  {english}
>  {canadian/variant}  =>  {canadian}
>  {canadian/options}  =>  {variant=canadian}
>  {newzealand/target}  =>  {english}
>  {newzealand/variant}  =>  {newzealand}
>  {newzealand/options}  =>  {variant=newzealand}
>  {gujarati/target}  =>  {gujarati}.
 [2] (./sample.aux
LaTeX Info: Redefining \rmfamily on input line 17.
LaTeX Info: Redefining \sffamily on input line 17.
LaTeX Info: Redefining \ttfamily on input line 17.
)
Package rerunfilecheck Info: File `sample.out' has not changed.
(rerunfilecheck)             Checksum: 12703F7296B13B4DA50DB5EB0AAB35C6;781.
 ) 
Here is how much of TeX's memory you used:
 17492 strings out of 477887
 336388 string characters out of 5827409
 1859018 words of memory out of 6000000
 37476 multiletter control sequences out of 15000+600000
 512863 words of font info for 60 fonts, out of 8000000 for 9000
 430 hyphenation exceptions out of 8191
 72i,5n,85p,906b,318s stack positions out of 10000i,1000n,20000p,200000b,200000s

Error 256 (driver return code) generating output;
file sample.pdf may not be valid.
